# JRE version: OpenJDK Runtime Environment Microsoft-8035246 (17.0.8+7) (build 17.0.8+7-LTS)
# Java VM: OpenJDK 64-Bit Server VM Microsoft-8035246 (17.0.8+7-LTS, mixed mode, sharing, tiered, compressed oops, compressed class ptrs, g1 gc, windows-amd64)
GC Precious Log:
 CPUs: 12 total, 12 available
 Memory: 8020M
 Large Page Support: Disabled
 NUMA Support: Disabled
 Compressed Oops: Enabled (32-bit)
 Heap Region Size: 1M
 Heap Min Capacity: 8M
 Heap Initial Capacity: 126M
 Heap Max Capacity: 2G
 Pre-touch: Disabled
 Parallel Workers: 10
 Concurrent Workers: 3
 Concurrent Refinement Workers: 10
 Periodic GC: Disabled
Heap:
 garbage-first heap   total 319488K, used 230602K [0x0000000080000000, 0x0000000100000000)
  region size 1024K, 14 young (14336K), 5 survivors (5120K)
 Metaspace       used 115296K, committed 116544K, reserved 557056K
  class space    used 15885K, committed 16448K, reserved 425984K
GC Heap History (20 events):
Event: 31.864 GC heap before
{Heap before GC invocations=47 (full 0):
 garbage-first heap   total 229376K, used 190409K [0x0000000080000000, 0x0000000100000000)
  region size 1024K, 53 young (54272K), 6 survivors (6144K)
 Metaspace       used 105442K, committed 106432K, reserved 557056K
  class space    used 14650K, committed 15104K, reserved 425984K
}
Event: 31.872 GC heap after
{Heap after GC invocations=48 (full 0):
 garbage-first heap   total 229376K, used 149166K [0x0000000080000000, 0x0000000100000000)
  region size 1024K, 7 young (7168K), 7 survivors (7168K)
 Metaspace       used 105442K, committed 106432K, reserved 557056K
  class space    used 14650K, committed 15104K, reserved 425984K
}
Event: 32.043 GC heap before
{Heap before GC invocations=48 (full 0):
 garbage-first heap   total 229376K, used 191150K [0x0000000080000000, 0x0000000100000000)
  region size 1024K, 48 young (49152K), 7 survivors (7168K)
 Metaspace       used 105506K, committed 106496K, reserved 557056K
  class space    used 14654K, committed 15104K, reserved 425984K
}
Event: 32.049 GC heap after
{Heap after GC invocations=49 (full 0):
 garbage-first heap   total 229376K, used 157257K [0x0000000080000000, 0x0000000100000000)
  region size 1024K, 6 young (6144K), 6 survivors (6144K)
 Metaspace       used 105506K, committed 106496K, reserved 557056K
  class space    used 14654K, committed 15104K, reserved 425984K
}
Event: 32.552 GC heap before
{Heap before GC invocations=49 (full 0):
 garbage-first heap   total 229376K, used 192073K [0x0000000080000000, 0x0000000100000000)
  region size 1024K, 39 young (39936K), 6 survivors (6144K)
 Metaspace       used 106032K, committed 107072K, reserved 557056K
  class space    used 14705K, committed 15168K, reserved 425984K
}
Event: 32.557 GC heap after
{Heap after GC invocations=50 (full 0):
 garbage-first heap   total 319488K, used 163418K [0x0000000080000000, 0x0000000100000000)
  region size 1024K, 5 young (5120K), 5 survivors (5120K)
 Metaspace       used 106032K, committed 107072K, reserved 557056K
  class space    used 14705K, committed 15168K, reserved 425984K
}
Event: 33.529 GC heap before
{Heap before GC invocations=50 (full 0):
 garbage-first heap   total 319488K, used 251482K [0x0000000080000000, 0x0000000100000000)
  region size 1024K, 89 young (91136K), 5 survivors (5120K)
 Metaspace       used 106923K, committed 108032K, reserved 557056K
  class space    used 14800K, committed 15296K, reserved 425984K
}
Event: 33.541 GC heap after
{Heap after GC invocations=51 (full 0):
 garbage-first heap   total 319488K, used 184454K [0x0000000080000000, 0x0000000100000000)
  region size 1024K, 12 young (12288K), 12 survivors (12288K)
 Metaspace       used 106923K, committed 108032K, reserved 557056K
  class space    used 14800K, committed 15296K, reserved 425984K
}
Event: 35.326 GC heap before
{Heap before GC invocations=51 (full 0):
 garbage-first heap   total 319488K, used 254086K [0x0000000080000000, 0x0000000100000000)
  region size 1024K, 80 young (81920K), 12 survivors (12288K)
 Metaspace       used 111174K, committed 112320K, reserved 557056K
  class space    used 15413K, committed 15936K, reserved 425984K
}
Event: 35.335 GC heap after
{Heap after GC invocations=52 (full 0):
 garbage-first heap   total 319488K, used 192387K [0x0000000080000000, 0x0000000100000000)
  region size 1024K, 8 young (8192K), 8 survivors (8192K)
 Metaspace       used 111174K, committed 112320K, reserved 557056K
  class space    used 15413K, committed 15936K, reserved 425984K
}
Event: 35.711 GC heap before
{Heap before GC invocations=52 (full 0):
 garbage-first heap   total 319488K, used 257923K [0x0000000080000000, 0x0000000100000000)
  region size 1024K, 72 young (73728K), 8 survivors (8192K)
 Metaspace       used 111828K, committed 112960K, reserved 557056K
  class space    used 15463K, committed 16000K, reserved 425984K
}
Event: 35.719 GC heap after
{Heap after GC invocations=53 (full 0):
 garbage-first heap   total 319488K, used 199340K [0x0000000080000000, 0x0000000100000000)
  region size 1024K, 8 young (8192K), 8 survivors (8192K)
 Metaspace       used 111828K, committed 112960K, reserved 557056K
  class space    used 15463K, committed 16000K, reserved 425984K
}
Event: 36.083 GC heap before
{Heap before GC invocations=53 (full 0):
 garbage-first heap   total 319488K, used 264876K [0x0000000080000000, 0x0000000100000000)
  region size 1024K, 68 young (69632K), 8 survivors (8192K)
 Metaspace       used 114545K, committed 115776K, reserved 557056K
  class space    used 15801K, committed 16384K, reserved 425984K
}
Event: 36.090 GC heap after
{Heap after GC invocations=54 (full 0):
 garbage-first heap   total 319488K, used 207448K [0x0000000080000000, 0x0000000100000000)
  region size 1024K, 8 young (8192K), 8 survivors (8192K)
 Metaspace       used 114545K, committed 115776K, reserved 557056K
  class space    used 15801K, committed 16384K, reserved 425984K
}
Event: 36.389 GC heap before
{Heap before GC invocations=54 (full 0):
 garbage-first heap   total 319488K, used 262744K [0x0000000080000000, 0x0000000100000000)
  region size 1024K, 63 young (64512K), 8 survivors (8192K)
 Metaspace       used 115227K, committed 116416K, reserved 557056K
  class space    used 15881K, committed 16448K, reserved 425984K
}
Event: 36.396 GC heap after
{Heap after GC invocations=55 (full 0):
 garbage-first heap   total 319488K, used 213545K [0x0000000080000000, 0x0000000100000000)
  region size 1024K, 8 young (8192K), 8 survivors (8192K)
 Metaspace       used 115227K, committed 116416K, reserved 557056K
  class space    used 15881K, committed 16448K, reserved 425984K
}
Event: 36.569 GC heap before
{Heap before GC invocations=55 (full 0):
 garbage-first heap   total 319488K, used 265769K [0x0000000080000000, 0x0000000100000000)
  region size 1024K, 59 young (60416K), 8 survivors (8192K)
 Metaspace       used 115266K, committed 116544K, reserved 557056K
  class space    used 15881K, committed 16448K, reserved 425984K
}
Event: 36.573 GC heap after
{Heap after GC invocations=56 (full 0):
 garbage-first heap   total 319488K, used 216381K [0x0000000080000000, 0x0000000100000000)
  region size 1024K, 5 young (5120K), 5 survivors (5120K)
 Metaspace       used 115266K, committed 116544K, reserved 557056K
  class space    used 15881K, committed 16448K, reserved 425984K
}
Event: 36.905 GC heap before
{Heap before GC invocations=56 (full 0):
 garbage-first heap   total 319488K, used 267581K [0x0000000080000000, 0x0000000100000000)
  region size 1024K, 55 young (56320K), 5 survivors (5120K)
 Metaspace       used 115272K, committed 116544K, reserved 557056K
  class space    used 15882K, committed 16448K, reserved 425984K
}
Event: 36.907 GC heap after
{Heap after GC invocations=57 (full 0):
 garbage-first heap   total 319488K, used 218314K [0x0000000080000000, 0x0000000100000000)
  region size 1024K, 5 young (5120K), 5 survivors (5120K)
 Metaspace       used 115272K, committed 116544K, reserved 557056K
  class space    used 15882K, committed 16448K, reserved 425984K
}

