# JRE version: OpenJDK Runtime Environment Microsoft-8035246 (17.0.8+7) (build 17.0.8+7-LTS)
# Java VM: OpenJDK 64-Bit Server VM Microsoft-8035246 (17.0.8+7-LTS, mixed mode, sharing, tiered, compressed oops, compressed class ptrs, g1 gc, windows-amd64)
GC Precious Log:
 CPUs: 12 total, 12 available
 Memory: 8020M
 Large Page Support: Disabled
 NUMA Support: Disabled
 Compressed Oops: Enabled (32-bit)
 Heap Region Size: 1M
 Heap Min Capacity: 8M
 Heap Initial Capacity: 126M
 Heap Max Capacity: 2G
 Pre-touch: Disabled
 Parallel Workers: 10
 Concurrent Workers: 3
 Concurrent Refinement Workers: 10
 Periodic GC: Disabled
Heap:
 garbage-first heap   total 342016K, used 251933K [0x0000000080000000, 0x0000000100000000)
  region size 1024K, 42 young (43008K), 6 survivors (6144K)
 Metaspace       used 107413K, committed 108544K, reserved 557056K
  class space    used 14946K, committed 15488K, reserved 425984K
GC Heap History (20 events):
Event: 24.240 GC heap before
{Heap before GC invocations=27 (full 0):
 garbage-first heap   total 173056K, used 139703K [0x0000000080000000, 0x0000000100000000)
  region size 1024K, 46 young (47104K), 1 survivors (1024K)
 Metaspace       used 81204K, committed 81984K, reserved 557056K
  class space    used 11289K, committed 11648K, reserved 425984K
}
Event: 24.243 GC heap after
{Heap after GC invocations=28 (full 0):
 garbage-first heap   total 346112K, used 95018K [0x0000000080000000, 0x0000000100000000)
  region size 1024K, 3 young (3072K), 3 survivors (3072K)
 Metaspace       used 81204K, committed 81984K, reserved 557056K
  class space    used 11289K, committed 11648K, reserved 425984K
}
Event: 25.168 GC heap before
{Heap before GC invocations=29 (full 0):
 garbage-first heap   total 342016K, used 246570K [0x0000000080000000, 0x0000000100000000)
  region size 1024K, 146 young (149504K), 3 survivors (3072K)
 Metaspace       used 88387K, committed 89216K, reserved 557056K
  class space    used 12398K, committed 12800K, reserved 425984K
}
Event: 25.175 GC heap after
{Heap after GC invocations=30 (full 0):
 garbage-first heap   total 342016K, used 112830K [0x0000000080000000, 0x0000000100000000)
  region size 1024K, 15 young (15360K), 15 survivors (15360K)
 Metaspace       used 88387K, committed 89216K, reserved 557056K
  class space    used 12398K, committed 12800K, reserved 425984K
}
Event: 25.181 GC heap before
{Heap before GC invocations=30 (full 0):
 garbage-first heap   total 342016K, used 113854K [0x0000000080000000, 0x0000000100000000)
  region size 1024K, 16 young (16384K), 15 survivors (15360K)
 Metaspace       used 88399K, committed 89216K, reserved 557056K
  class space    used 12400K, committed 12800K, reserved 425984K
}
Event: 25.185 GC heap after
{Heap after GC invocations=31 (full 0):
 garbage-first heap   total 342016K, used 114298K [0x0000000080000000, 0x0000000100000000)
  region size 1024K, 2 young (2048K), 2 survivors (2048K)
 Metaspace       used 88399K, committed 89216K, reserved 557056K
  class space    used 12400K, committed 12800K, reserved 425984K
}
Event: 26.279 GC heap before
{Heap before GC invocations=31 (full 0):
 garbage-first heap   total 342016K, used 268922K [0x0000000080000000, 0x0000000100000000)
  region size 1024K, 149 young (152576K), 2 survivors (2048K)
 Metaspace       used 95814K, committed 96768K, reserved 557056K
  class space    used 13460K, committed 13888K, reserved 425984K
}
Event: 26.286 GC heap after
{Heap after GC invocations=32 (full 0):
 garbage-first heap   total 342016K, used 135034K [0x0000000080000000, 0x0000000100000000)
  region size 1024K, 18 young (18432K), 18 survivors (18432K)
 Metaspace       used 95814K, committed 96768K, reserved 557056K
  class space    used 13460K, committed 13888K, reserved 425984K
}
Event: 26.846 GC heap before
{Heap before GC invocations=32 (full 0):
 garbage-first heap   total 342016K, used 264058K [0x0000000080000000, 0x0000000100000000)
  region size 1024K, 143 young (146432K), 18 survivors (18432K)
 Metaspace       used 97654K, committed 98624K, reserved 557056K
  class space    used 13687K, committed 14144K, reserved 425984K
}
Event: 26.857 GC heap after
{Heap after GC invocations=33 (full 0):
 garbage-first heap   total 342016K, used 153272K [0x0000000080000000, 0x0000000100000000)
  region size 1024K, 18 young (18432K), 18 survivors (18432K)
 Metaspace       used 97654K, committed 98624K, reserved 557056K
  class space    used 13687K, committed 14144K, reserved 425984K
}
Event: 27.657 GC heap before
{Heap before GC invocations=33 (full 0):
 garbage-first heap   total 342016K, used 265912K [0x0000000080000000, 0x0000000100000000)
  region size 1024K, 126 young (129024K), 18 survivors (18432K)
 Metaspace       used 99800K, committed 100800K, reserved 557056K
  class space    used 13959K, committed 14400K, reserved 425984K
}
Event: 27.670 GC heap after
{Heap after GC invocations=34 (full 0):
 garbage-first heap   total 342016K, used 178582K [0x0000000080000000, 0x0000000100000000)
  region size 1024K, 16 young (16384K), 16 survivors (16384K)
 Metaspace       used 99800K, committed 100800K, reserved 557056K
  class space    used 13959K, committed 14400K, reserved 425984K
}
Event: 28.272 GC heap before
{Heap before GC invocations=34 (full 0):
 garbage-first heap   total 342016K, used 266646K [0x0000000080000000, 0x0000000100000000)
  region size 1024K, 102 young (104448K), 16 survivors (16384K)
 Metaspace       used 103568K, committed 104704K, reserved 557056K
  class space    used 14468K, committed 14976K, reserved 425984K
}
Event: 28.282 GC heap after
{Heap after GC invocations=35 (full 0):
 garbage-first heap   total 342016K, used 189630K [0x0000000080000000, 0x0000000100000000)
  region size 1024K, 10 young (10240K), 10 survivors (10240K)
 Metaspace       used 103568K, committed 104704K, reserved 557056K
  class space    used 14468K, committed 14976K, reserved 425984K
}
Event: 28.709 GC heap before
{Heap before GC invocations=35 (full 0):
 garbage-first heap   total 342016K, used 276670K [0x0000000080000000, 0x0000000100000000)
  region size 1024K, 91 young (93184K), 10 survivors (10240K)
 Metaspace       used 106458K, committed 107648K, reserved 557056K
  class space    used 14845K, committed 15424K, reserved 425984K
}
Event: 28.720 GC heap after
{Heap after GC invocations=36 (full 0):
 garbage-first heap   total 342016K, used 200870K [0x0000000080000000, 0x0000000100000000)
  region size 1024K, 11 young (11264K), 11 survivors (11264K)
 Metaspace       used 106458K, committed 107648K, reserved 557056K
  class space    used 14845K, committed 15424K, reserved 425984K
}
Event: 29.036 GC heap before
{Heap before GC invocations=36 (full 0):
 garbage-first heap   total 342016K, used 275622K [0x0000000080000000, 0x0000000100000000)
  region size 1024K, 85 young (87040K), 11 survivors (11264K)
 Metaspace       used 107332K, committed 108480K, reserved 557056K
  class space    used 14942K, committed 15488K, reserved 425984K
}
Event: 29.045 GC heap after
{Heap after GC invocations=37 (full 0):
 garbage-first heap   total 342016K, used 208877K [0x0000000080000000, 0x0000000100000000)
  region size 1024K, 9 young (9216K), 9 survivors (9216K)
 Metaspace       used 107332K, committed 108480K, reserved 557056K
  class space    used 14942K, committed 15488K, reserved 425984K
}
Event: 29.265 GC heap before
{Heap before GC invocations=37 (full 0):
 garbage-first heap   total 342016K, used 278509K [0x0000000080000000, 0x0000000100000000)
  region size 1024K, 77 young (78848K), 9 survivors (9216K)
 Metaspace       used 107386K, committed 108544K, reserved 557056K
  class space    used 14942K, committed 15488K, reserved 425984K
}
Event: 29.270 GC heap after
{Heap after GC invocations=38 (full 0):
 garbage-first heap   total 342016K, used 211997K [0x0000000080000000, 0x0000000100000000)
  region size 1024K, 6 young (6144K), 6 survivors (6144K)
 Metaspace       used 107386K, committed 108544K, reserved 557056K
  class space    used 14942K, committed 15488K, reserved 425984K
}

